0 info it worked if it ends with ok
1 verbose cli [ '/usr/local/Cellar/node/6.3.1/bin/node',
1 verbose cli   '/usr/local/bin/npm',
1 verbose cli   'start' ]
2 info using npm@3.10.3
3 info using node@v6.3.1
4 verbose run-script [ 'prestart', 'start', 'poststart' ]
5 info lifecycle website@0.0.1~prestart: website@0.0.1
6 silly lifecycle website@0.0.1~prestart: no script for prestart, continuing
7 info lifecycle website@0.0.1~start: website@0.0.1
8 verbose lifecycle website@0.0.1~start: unsafe-perm in lifecycle true
9 verbose lifecycle website@0.0.1~start: PATH: /usr/local/lib/node_modules/npm/bin/node-gyp-bin:/Users/chet/Code/build-system/packages/website/node_modules/.bin:/usr/local/Cellar/node/6.3.1/bin:/Users/chet/.rbenv/shims:/usr/local/bin:/usr/local/sbin:/usr/bin:/bin:/usr/sbin:/sbin:/usr/texbin:/usr/texbin:/Users/chet/bin
10 verbose lifecycle website@0.0.1~start: CWD: /Users/chet/Code/build-system/packages/website
11 silly lifecycle website@0.0.1~start: Args: [ '-c', 'bs dev' ]
12 info lifecycle website@0.0.1~start: Failed to exec start script
13 verbose stack Error: website@0.0.1 start: `bs dev`
13 verbose stack spawn ENOENT
13 verbose stack     at ChildProcess.<anonymous> (/usr/local/lib/node_modules/npm/lib/utils/spawn.js:33:16)
13 verbose stack     at emitTwo (events.js:106:13)
13 verbose stack     at ChildProcess.emit (events.js:191:7)
13 verbose stack     at maybeClose (internal/child_process.js:852:16)
13 verbose stack     at Process.ChildProcess._handle.onexit (internal/child_process.js:215:5)
14 verbose pkgid website@0.0.1
15 verbose cwd /Users/chet/Code/build-system/packages/website
16 error Darwin 15.2.0
17 error argv "/usr/local/Cellar/node/6.3.1/bin/node" "/usr/local/bin/npm" "start"
18 error node v6.3.1
19 error npm  v3.10.3
20 error file sh
21 error code ELIFECYCLE
22 error errno ENOENT
23 error syscall spawn
24 error website@0.0.1 start: `bs dev`
24 error spawn ENOENT
25 error Failed at the website@0.0.1 start script 'bs dev'.
25 error Make sure you have the latest version of node.js and npm installed.
25 error If you do, this is most likely a problem with the website package,
25 error not with npm itself.
25 error Tell the author that this fails on your system:
25 error     bs dev
25 error You can get information on how to open an issue for this project with:
25 error     npm bugs website
25 error Or if that isn't available, you can get their info via:
25 error     npm owner ls website
25 error There is likely additional logging output above.
26 verbose exit [ 1, true ]
